0 info it worked if it ends with ok
1 verbose cli [ 'node', '/usr/local/bin/npm', 'publish' ]
2 info using npm@1.4.28
3 info using node@v0.10.33
4 verbose publish [ '.' ]
5 verbose cache add [ '.', null ]
6 verbose cache add name=undefined spec="." args=[".",null]
7 verbose parsed url { protocol: null,
7 verbose parsed url   slashes: null,
7 verbose parsed url   auth: null,
7 verbose parsed url   host: null,
7 verbose parsed url   port: null,
7 verbose parsed url   hostname: null,
7 verbose parsed url   hash: null,
7 verbose parsed url   search: null,
7 verbose parsed url   query: null,
7 verbose parsed url   pathname: '.',
7 verbose parsed url   path: '.',
7 verbose parsed url   href: '.' }
8 silly lockFile 3a52ce78- .
9 verbose lock . /Users/adamfowler/.npm/3a52ce78-.lock
10 verbose tar pack [ '/Users/adamfowler/.npm/mlnodetools/8.0.8/package.tgz', '.' ]
11 verbose tarball /Users/adamfowler/.npm/mlnodetools/8.0.8/package.tgz
12 verbose folder .
13 info prepublish mlnodetools@8.0.8
14 silly lockFile 1f1177db-tar tar://.
15 verbose lock tar://. /Users/adamfowler/.npm/1f1177db-tar.lock
16 silly lockFile ef8df051-pm-mlnodetools-8-0-8-package-tgz tar:///Users/adamfowler/.npm/mlnodetools/8.0.8/package.tgz
17 verbose lock tar:///Users/adamfowler/.npm/mlnodetools/8.0.8/package.tgz /Users/adamfowler/.npm/ef8df051-pm-mlnodetools-8-0-8-package-tgz.lock
18 silly lockFile 1f1177db-tar tar://.
19 silly lockFile 1f1177db-tar tar://.
20 silly lockFile ef8df051-pm-mlnodetools-8-0-8-package-tgz tar:///Users/adamfowler/.npm/mlnodetools/8.0.8/package.tgz
21 silly lockFile ef8df051-pm-mlnodetools-8-0-8-package-tgz tar:///Users/adamfowler/.npm/mlnodetools/8.0.8/package.tgz
22 silly lockFile 69e2a1a4-er-npm-mlnodetools-8-0-8-package /Users/adamfowler/.npm/mlnodetools/8.0.8/package
23 verbose lock /Users/adamfowler/.npm/mlnodetools/8.0.8/package /Users/adamfowler/.npm/69e2a1a4-er-npm-mlnodetools-8-0-8-package.lock
24 silly lockFile 69e2a1a4-er-npm-mlnodetools-8-0-8-package /Users/adamfowler/.npm/mlnodetools/8.0.8/package
25 silly lockFile 69e2a1a4-er-npm-mlnodetools-8-0-8-package /Users/adamfowler/.npm/mlnodetools/8.0.8/package
26 silly lockFile 3a52ce78- .
27 silly lockFile 3a52ce78- .
28 silly publish { name: 'mlnodetools',
28 silly publish   description: 'Command line tools for working with MarkLogic Server',
28 silly publish   bugs:
28 silly publish    { url: 'https://github.com/adamfowleruk/mlnodetools/issues',
28 silly publish      email: 'adam.fowler@marklogic.com' },
28 silly publish   author:
28 silly publish    { name: 'Adam Fowler',
28 silly publish      email: 'adamfowleruk@gmail.com',
28 silly publish      url: 'http://www.adamfowler.org/' },
28 silly publish   license: 'Apache-2.0',
28 silly publish   repository:
28 silly publish    { type: 'git',
28 silly publish      url: 'https://github.com/adamfowleruk/mlnodetools.git' },
28 silly publish   version: '8.0.8',
28 silly publish   bin:
28 silly publish    { mljsadmin: './src/util/mljsadmin.js',
28 silly publish      mljsserve: './src/util/run-mljs-webserver.js' },
28 silly publish   dependencies:
28 silly publish    { mljs: '>8.0.6',
28 silly publish      'terminal-kit': '^0.22.7',
28 silly publish      istextorbinary: '^1.0.0',
28 silly publish      minimist: '^1.1.0',
28 silly publish      q: '^1.1.2',
28 silly publish      winston: '^0.8.3',
28 silly publish      pkginfo: '^0.3.0',
28 silly publish      cycle: '^1.0.3',
28 silly publish      colors: '^1.0.3',
28 silly publish      'stack-trace': '^0.0.9',
28 silly publish      safefs: '^3.1.1',
28 silly publish      isstream: '^0.1.0',
28 silly publish      underscore: '~1.1.7',
28 silly publish      websocket: '~1.0.14',
28 silly publish      restify: '~2.8.4' },
28 silly publish   readme: '# mlnodetools\n\nThis project provides command line tools to simplify administration of MarkLogic Server Enterprise NoSQL installations,\nand applications built against them.\n\nThis project provides the below tools:-\n- mljsadmin - installs, updates, deploys, captures, and tears down entire MarkLogic Server applications and databases\n- mljsserve - runs an Express based web app that also proxies /v1/ REST API URLs to a MarkLogic Server database app server\n\n## Installing mlnodetools\n\nWARNING: You MUST install mlnodetools GLOBALLY:-\n\n1. npm install -g mlnodetools\n2. If you receive permission warnings, follow the advice on the following page, and then try the above command again: https://docs.npmjs.com/getting-started/fixing-npm-permissions\n3. Test by typing just \'mljsadmin\' with no parameters from the command line (this MUST be issued in the root folder of your app)\n\n## Other tools\n\nIn order to create a new MLJS Workplace based web application project, use the companion Yeoman mljsworkplace generator.\n\nFor details and how to use this command, please visit: https://github.com/adamfowleruk/generator-mljsworkplace\n\n## Administering a MarkLogic Server application\n\nOnce generated, you simply:-\n- Open a terminal\n- cd to your new project folder\n- type \'mljsadmin\' for a list of commands you can run at the root of that application\n\n## Examples\n\nBelow are a few examples\n\n### Installing a new application\n\nIf you\'ve just downloaded an MLJS Workplace based application, execute these commands to fully install it:-\n\n- mljsadmin install\n- mljsadmin update\n\nIf you see any WARN or ERROR lines, follow the advice that mljsadmin gives to resolve them, before continuing.\n\n### Capturing an existing application\'s settings\n\nIf you\'ve created or modified a new application, reconfigured a database, or modified your workplace pages or application\nontology then you need to capture the configuration of your system in order to share the full application with others.\n\nThis is achieved by:-\n\n- mljsadmin capture\n\nAgain, correct any WARN or ERROR messages, if required\n\n### Removing an application\n\nTo remove all databases, triggers, app servers and so on from your MarkLogic installation, you need to remove your\napplication:-\n\n- mljsadmin remove\n\n### Other commands\n\nTo see a full list of commands, type:-\n\n- mljsadmin\n\n## Logging bugs\n\nPlease visit http://github.com/adamfowleruk/mlnodetools/issues in order to log bugs and feature requests\n',
28 silly publish   readmeFilename: 'README.md',
28 silly publish   gitHead: 'a2bfa7df1f84c427aaaba209a981459730f65628',
28 silly publish   homepage: 'https://github.com/adamfowleruk/mlnodetools',
28 silly publish   _id: 'mlnodetools@8.0.8',
28 silly publish   scripts: {},
28 silly publish   _shasum: 'bd29b6cd156fefa17d5bc8fcdcf2cf51f06b22b6',
28 silly publish   _from: '.' }
29 verbose request where is /mlnodetools
30 verbose request registry https://registry.npmjs.org/
31 verbose request id 82f2bbec10567c32
32 verbose url raw /mlnodetools
33 verbose url resolving [ 'https://registry.npmjs.org/', './mlnodetools' ]
34 verbose url resolved https://registry.npmjs.org/mlnodetools
35 verbose request where is https://registry.npmjs.org/mlnodetools
36 info trying registry request attempt 1 at 10:45:54
37 http PUT https://registry.npmjs.org/mlnodetools
38 http 403 https://registry.npmjs.org/mlnodetools
39 verbose headers { 'content-type': 'application/json',
39 verbose headers   'cache-control': 'max-age=300',
39 verbose headers   'content-length': '95',
39 verbose headers   'accept-ranges': 'bytes',
39 verbose headers   date: 'Tue, 26 Jan 2016 10:45:57 GMT',
39 verbose headers   via: '1.1 varnish',
39 verbose headers   connection: 'keep-alive',
39 verbose headers   'x-served-by': 'cache-lcy1130-LCY',
39 verbose headers   'x-cache': 'MISS',
39 verbose headers   'x-cache-hits': '0',
39 verbose headers   'x-timer': 'S1453805156.071621,VS0,VE1591' }
40 error publish Failed PUT 403
41 error Error: "You cannot publish over the previously published version 8.0.8." : mlnodetools
41 error     at RegClient.<anonymous> (/usr/local/lib/node_modules/npm/node_modules/npm-registry-client/lib/request.js:308:14)
41 error     at Request._callback (/usr/local/lib/node_modules/npm/node_modules/npm-registry-client/lib/request.js:246:65)
41 error     at Request.self.callback (/usr/local/lib/node_modules/npm/node_modules/request/request.js:236:22)
41 error     at Request.emit (events.js:98:17)
41 error     at Request.<anonymous> (/usr/local/lib/node_modules/npm/node_modules/request/request.js:1142:14)
41 error     at Request.emit (events.js:117:20)
41 error     at IncomingMessage.<anonymous> (/usr/local/lib/node_modules/npm/node_modules/request/request.js:1096:12)
41 error     at IncomingMessage.emit (events.js:117:20)
41 error     at _stream_readable.js:943:16
41 error     at process._tickCallback (node.js:419:13)
42 error If you need help, you may report this *entire* log,
42 error including the npm and node versions, at:
42 error     <http://github.com/npm/npm/issues>
43 error System Darwin 14.5.0
44 error command "node" "/usr/local/bin/npm" "publish"
45 error cwd /Users/adamfowler/Documents/marklogic/git/mlnodetools
46 error node -v v0.10.33
47 error npm -v 1.4.28
48 verbose exit [ 1, true ]
